<testsuites>
	<testsuite errors="0" failures="1" skipped="1" tests="92" time="0.425" name="code/sample/fakepackage">
		<testcase classname="buildevent" name="TestCase1" time="0.000"></testcase>
		<testcase classname="buildevent" name="TestCase2" time="0.000"></testcase>
		<testcase classname="buildevent" name="TestCase3" time="0.000"></testcase>
		<testcase classname="buildevent" name="TestCase3/subtest1" time="0.000"></testcase>
		<testcase classname="buildevent" name="TestCase3/subtest2" time="0.000"></testcase>
		<testcase classname="buildevent" name="TestCase3/subtest3" time="0.000"></testcase>
		<testcase classname="buildevent" name="TestCase3/subtest4" time="0.000"></testcase>
		<testcase classname="buildevent" name="TestCase3/subtest5" time="0.000"></testcase>
		<testcase classname="buildevent" name="TestCase3/subtest6" time="0.000"></testcase>
		<testcase classname="buildevent" name="TestCase3/subtest7" time="0.000"></testcase>
		<testcase classname="buildevent" name="TestCase4" time="0.110"></testcase>
		<testcase classname="buildevent" name="TestCase4/subtest1" time="0.000"></testcase>
		<testcase classname="buildevent" name="TestCase4/subtest2" time="0.000"></testcase>
		<testcase classname="buildevent" name="TestCase4/subtest3" time="0.000"></testcase>
		<testcase classname="buildevent" name="TestCase4/subtest4" time="0.000"></testcase>
		<testcase classname="buildevent" name="TestCase4/subtest5" time="0.000"></testcase>
		<testcase classname="buildevent" name="TestCase4/subtest6" time="0.000"></testcase>
		<testcase classname="buildevent" name="TestCase4/subtest7" time="0.090"></testcase>
		<testcase classname="buildevent" name="TestCase4/subtest8" time="0.000"></testcase>
		<testcase classname="buildevent" name="TestCase4/subtest9" time="0.000"></testcase>
		<testcase classname="buildevent" name="TestCase4/subtest10" time="0.000"></testcase>
		<testcase classname="buildevent" name="TestCase5" time="0.000"></testcase>
		<testcase classname="buildevent" name="TestCase5/subtest1" time="0.000"></testcase>
		<testcase classname="buildevent" name="TestCase5/subtest2" time="0.000"></testcase>
		<testcase classname="buildevent" name="TestCase5/subtest3" time="0.000"></testcase>
		<testcase classname="buildevent" name="TestCase5/subtest4" time="0.000"></testcase>
		<testcase classname="buildevent" name="TestCase6" time="0.010"></testcase>
		<testcase classname="buildevent" name="TestCase7" time="0.000"></testcase>
		<testcase classname="buildevent" name="TestCase7/subtest1" time="0.000"></testcase>
		<testcase classname="buildevent" name="TestCase7/subtest2" time="0.000"></testcase>
		<testcase classname="buildevent" name="TestCase7/subtest3" time="0.000"></testcase>
		<testcase classname="buildevent" name="TestCase7/subtest4" time="0.000"></testcase>
		<testcase classname="buildevent" name="FakeSkippedTestCase" time="0.000">
			<skipped message="Skipped" type="">=== RUN   FakeSkippedTestCase&#xA;    sample.go:109: &#xA;--- SKIP: FakeSkippedTestCase (0.00s)&#xA;</skipped>
		</testcase>
		<testcase classname="buildevent" name="TestCase8" time="0.000"></testcase>
		<testcase classname="buildevent" name="TestCase9" time="0.280"></testcase>
		<testcase classname="buildevent" name="TestCase10" time="0.000"></testcase>
		<testcase classname="buildevent" name="TestCase11" time="0.000"></testcase>
		<testcase classname="buildevent" name="TestCase11/subtest1" time="0.000"></testcase>
		<testcase classname="buildevent" name="TestCase11/subtest2" time="0.000"></testcase>
		<testcase classname="buildevent" name="TestCase11/subtest3" time="0.000"></testcase>
		<testcase classname="buildevent" name="TestCase11/subtest4" time="0.000"></testcase>
		<testcase classname="buildevent" name="TestCase11/subtest5" time="0.000"></testcase>
		<testcase classname="buildevent" name="TestCase12" time="0.000"></testcase>
		<testcase classname="buildevent" name="TestCase12/subtest1" time="0.000"></testcase>
		<testcase classname="buildevent" name="TestCase12/subtest2" time="0.000"></testcase>
		<testcase classname="buildevent" name="TestCase12/subtest3" time="0.000"></testcase>
		<testcase classname="buildevent" name="TestCase12/subtest4" time="0.000"></testcase>
		<testcase classname="buildevent" name="TestCase13" time="0.000"></testcase>
		<testcase classname="buildevent" name="TestCase13/subtest1" time="0.000"></testcase>
		<testcase classname="buildevent" name="TestCase13/subtest2" time="0.000"></testcase>
		<testcase classname="buildevent" name="TestCase14" time="0.000"></testcase>
		<testcase classname="buildevent" name="TestCase15" time="0.000"></testcase>
		<testcase classname="buildevent" name="FakeFailedTestCase" time="26.500">
			<failure message="Failed" type="">Message line 1&#xA;Message line 2</failure>
		</testcase>
		<testcase classname="buildevent" name="TestCase16" time="0.000"></testcase>
		<testcase classname="buildevent" name="TestCase17" time="0.000"></testcase>
		<testcase classname="buildevent" name="TestCase18" time="0.000"></testcase>
		<testcase classname="buildevent" name="TestCase18/subtest1" time="0.000"></testcase>
		<testcase classname="buildevent" name="TestCase18/subtest2" time="0.000"></testcase>
		<testcase classname="buildevent" name="TestCase19" time="0.000"></testcase>
		<testcase classname="buildevent" name="TestCase19/subtest1" time="0.000"></testcase>
		<testcase classname="buildevent" name="TestCase19/subtest2" time="0.000"></testcase>
		<testcase classname="buildevent" name="TestCase19/subtest3" time="0.000"></testcase>
		<testcase classname="buildevent" name="TestCase19/subtest4" time="0.000"></testcase>
		<testcase classname="buildevent" name="TestCase20" time="0.000"></testcase>
		<testcase classname="buildevent" name="TestCase20/subtest1" time="0.000"></testcase>
		<testcase classname="buildevent" name="TestCase20/subtest2" time="0.000"></testcase>
		<testcase classname="buildevent" name="TestCase20/subtest3" time="0.000"></testcase>
		<testcase classname="buildevent" name="TestCase21" time="0.000"></testcase>
		<testcase classname="buildevent" name="TestCase21/subtest1" time="0.000"></testcase>
		<testcase classname="buildevent" name="TestCase21/subtest2" time="0.000"></testcase>
		<testcase classname="buildevent" name="TestCase21/subtest3" time="0.000"></testcase>
		<testcase classname="buildevent" name="TestCase21/subtest4" time="0.000"></testcase>
		<testcase classname="buildevent" name="TestCase22" time="0.000"></testcase>
		<testcase classname="buildevent" name="TestCase22/./testdata_truncate/truncate-01.txt" time="0.000"></testcase>
		<testcase classname="buildevent" name="TestCase22/./testdata_truncate/truncate-02.txt" time="0.000"></testcase>
		<testcase classname="buildevent" name="TestCase22/./testdata_truncate/truncate-03.txt" time="0.000"></testcase>
		<testcase classname="buildevent" name="TestCase22/./testdata_truncate/truncate-04.txt" time="0.000"></testcase>
		<testcase classname="buildevent" name="TestCase22/./testdata_truncate/truncate-05.txt" time="0.000"></testcase>
		<testcase classname="buildevent" name="TestCase22/./testdata_truncate/truncate-06.txt" time="0.000"></testcase>
		<testcase classname="buildevent" name="TestCase22/./testdata_truncate/truncate-07.txt" time="0.000"></testcase>
		<testcase classname="buildevent" name="TestCase22/./testdata_truncate/truncate-08.txt" time="0.000"></testcase>
		<testcase classname="buildevent" name="TestCase22/./testdata_truncate/truncate-09.txt" time="0.000"></testcase>
		<testcase classname="buildevent" name="TestCase22/Empty_message" time="0.000"></testcase>
		<testcase classname="buildevent" name="TestCase22/Long_message" time="0.000"></testcase>
		<testcase classname="buildevent" name="TestCase22/Short_message" time="0.000"></testcase>
		<testcase classname="buildevent" name="TestCase23" time="0.000"></testcase>
		<testcase classname="buildevent" name="TestCase24" time="0.000"></testcase>
		<testcase classname="buildevent" name="TestCase25" time="0.000"></testcase>
		<testcase classname="buildevent" name="TestCase25/subtest1" time="0.000"></testcase>
		<testcase classname="buildevent" name="TestCase25/subtest2" time="0.000"></testcase>
		<testcase classname="buildevent" name="TestCase26" time="0.000"></testcase>
		<testcase classname="buildevent" name="TestCase27" time="0.000"></testcase>
	</testsuite>
</testsuites>
